<?xml version="1.0" encoding="UTF-8"?>
<!-- Generated by org.testng.reporters.JUnitReportReporter -->
<testsuite skipped="0" hostname="DESKTOP-74TFK7E" name="com.training.regression.tests.LoginExcelTest" tests="5" failures="0" timestamp="31 Jan 2019 14:57:39 GMT" time="304.500" errors="0">
  <testcase name="loginDBTest" time="84.175" classname="com.training.regression.tests.LoginExcelTest"/>
  <testcase name="loginDBTest" time="52.202" classname="com.training.regression.tests.LoginExcelTest"/>
  <testcase name="loginDBTest" time="63.734" classname="com.training.regression.tests.LoginExcelTest"/>
  <testcase name="loginDBTest" time="50.310" classname="com.training.regression.tests.LoginExcelTest"/>
  <testcase name="loginDBTest" time="54.079" classname="com.training.regression.tests.LoginExcelTest"/>
</testsuite> <!-- com.training.regression.tests.LoginExcelTest -->
