<?xml version="1.0" encoding="UTF-8"?>
<!-- Generated by org.testng.reporters.JUnitReportReporter -->
<testsuite skipped="0" hostname="DESKTOP-74TFK7E" name="com.training.regression.tests.LoginDBTest" tests="2" failures="0" timestamp="05 Feb 2019 09:11:00 GMT" time="93.072" errors="0">
  <testcase name="loginDBTest" time="48.438" classname="com.training.regression.tests.LoginDBTest"/>
  <testcase name="loginDBTest" time="44.634" classname="com.training.regression.tests.LoginDBTest"/>
</testsuite> <!-- com.training.regression.tests.LoginDBTest -->
